<?xml version="1.0" encoding="UTF-8"?>
<!-- Generated by org.testng.reporters.JUnitReportReporter -->
<testsuite hostname="sam-dv5" name="com.oz.mail.client.test.service.RegistrationServiceTest" tests="1" failures="0" timestamp="6 Jun 2013 05:43:08 GMT" time="11.928" errors="0">
  <testcase name="testSendMail" time="11.928" classname="com.oz.mail.client.test.service.RegistrationServiceTest"/>
</testsuite> <!-- com.oz.mail.client.test.service.RegistrationServiceTest -->
